F:\slefSvn\trunk\h5ts\ziph5\frame3done\frame3done\jsbin\modules\mouse\SceneModSprite.js
F:\slefSvn\trunk\h5ts\ziph5\frame3done\frame3done\jsbin\modules\mouse\SceneModSprite.js.map
F:\slefSvn\trunk\h5ts\ziph5\frame3done\frame3done\jsbin\modules\mouse\FrameMouseManager.js
F:\slefSvn\trunk\h5ts\ziph5\frame3done\frame3done\jsbin\modules\mouse\FrameMouseManager.js.map
F:\slefSvn\trunk\h5ts\ziph5\frame3done\frame3done\jsbin\modules\mouse\SceneMouseEventModel.js
F:\slefSvn\trunk\h5ts\ziph5\frame3done\frame3done\jsbin\modules\mouse\SceneMouseEventModel.js.map
F:\slefSvn\trunk\h5ts\ziph5\frame3done\frame3done\jsbin\modules\mouse\DirectShadowDisplay3DSprite.js
F:\slefSvn\trunk\h5ts\ziph5\frame3done\frame3done\jsbin\modules\mouse\DirectShadowDisplay3DSprite.js.map
F:\slefSvn\trunk\h5ts\ziph5\frame3done\frame3done\jsbin\modules\mouse\ShadowModel.js
F:\slefSvn\trunk\h5ts\ziph5\frame3done\frame3done\jsbin\modules\mouse\ShadowModel.js.map
F:\slefSvn\trunk\h5ts\ziph5\frame3done\frame3done\jsbin\modules\scene\Frame3dRes.js
F:\slefSvn\trunk\h5ts\ziph5\frame3done\frame3done\jsbin\modules\scene\Frame3dRes.js.map
F:\slefSvn\trunk\h5ts\ziph5\frame3done\frame3done\jsbin\modules\scene\FrameBuildSprite.js
F:\slefSvn\trunk\h5ts\ziph5\frame3done\frame3done\jsbin\modules\scene\FrameBuildSprite.js.map
F:\slefSvn\trunk\h5ts\ziph5\frame3done\frame3done\jsbin\modules\scene\LightBmpModel.js
F:\slefSvn\trunk\h5ts\ziph5\frame3done\frame3done\jsbin\modules\scene\LightBmpModel.js.map
F:\slefSvn\trunk\h5ts\ziph5\frame3done\frame3done\jsbin\modules\scene\LightDisplay3DSprite.js
F:\slefSvn\trunk\h5ts\ziph5\frame3done\frame3done\jsbin\modules\scene\LightDisplay3DSprite.js.map
F:\slefSvn\trunk\h5ts\ziph5\frame3done\frame3done\jsbin\modules\scene\ShadowDisplay3DSprite.js
F:\slefSvn\trunk\h5ts\ziph5\frame3done\frame3done\jsbin\modules\scene\ShadowDisplay3DSprite.js.map
F:\slefSvn\trunk\h5ts\ziph5\frame3done\frame3done\jsbin\modules\scene\TpSceneProcessor.js
F:\slefSvn\trunk\h5ts\ziph5\frame3done\frame3done\jsbin\modules\scene\TpSceneProcessor.js.map
F:\slefSvn\trunk\h5ts\ziph5\frame3done\frame3done\jsbin\modules\TpModuleList.js
F:\slefSvn\trunk\h5ts\ziph5\frame3done\frame3done\jsbin\modules\TpModuleList.js.map
F:\slefSvn\trunk\h5ts\ziph5\frame3done\frame3done\jsbin\TpGame.js
F:\slefSvn\trunk\h5ts\ziph5\frame3done\frame3done\jsbin\TpGame.js.map
