F:\slefSvn\trunk\h5ts\ziph5\outlinescene\outlinescene\jsbin\modules\hatching\OutLinePerfab.js
F:\slefSvn\trunk\h5ts\ziph5\outlinescene\outlinescene\jsbin\modules\hatching\OutLinePerfab.js.map
F:\slefSvn\trunk\h5ts\ziph5\outlinescene\outlinescene\jsbin\modules\mouse\OutLineMouseManager.js
F:\slefSvn\trunk\h5ts\ziph5\outlinescene\outlinescene\jsbin\modules\mouse\OutLineMouseManager.js.map
F:\slefSvn\trunk\h5ts\ziph5\outlinescene\outlinescene\jsbin\modules\mouse\OutLineMouseEventModel.js
F:\slefSvn\trunk\h5ts\ziph5\outlinescene\outlinescene\jsbin\modules\mouse\OutLineMouseEventModel.js.map
F:\slefSvn\trunk\h5ts\ziph5\outlinescene\outlinescene\jsbin\modules\hatching\ExpBakedModel.js
F:\slefSvn\trunk\h5ts\ziph5\outlinescene\outlinescene\jsbin\modules\hatching\ExpBakedModel.js.map
F:\slefSvn\trunk\h5ts\ziph5\outlinescene\outlinescene\jsbin\modules\hatching\ExpNrmAndDephtModel.js
F:\slefSvn\trunk\h5ts\ziph5\outlinescene\outlinescene\jsbin\modules\hatching\ExpNrmAndDephtModel.js.map
F:\slefSvn\trunk\h5ts\ziph5\outlinescene\outlinescene\jsbin\modules\hatching\OutDephtTextureModel.js
F:\slefSvn\trunk\h5ts\ziph5\outlinescene\outlinescene\jsbin\modules\hatching\OutDephtTextureModel.js.map
F:\slefSvn\trunk\h5ts\ziph5\outlinescene\outlinescene\jsbin\modules\hatching\OutLineSprite.js
F:\slefSvn\trunk\h5ts\ziph5\outlinescene\outlinescene\jsbin\modules\hatching\OutLineSprite.js.map
F:\slefSvn\trunk\h5ts\ziph5\outlinescene\outlinescene\jsbin\modules\hatching\OutNrmTextureModel.js
F:\slefSvn\trunk\h5ts\ziph5\outlinescene\outlinescene\jsbin\modules\hatching\OutNrmTextureModel.js.map
F:\slefSvn\trunk\h5ts\ziph5\outlinescene\outlinescene\jsbin\modules\hatching\OutTextureSprite.js
F:\slefSvn\trunk\h5ts\ziph5\outlinescene\outlinescene\jsbin\modules\hatching\OutTextureSprite.js.map
F:\slefSvn\trunk\h5ts\ziph5\outlinescene\outlinescene\jsbin\modules\scene\TpSceneProcessor.js
F:\slefSvn\trunk\h5ts\ziph5\outlinescene\outlinescene\jsbin\modules\scene\TpSceneProcessor.js.map
F:\slefSvn\trunk\h5ts\ziph5\outlinescene\outlinescene\jsbin\modules\TpModuleList.js
F:\slefSvn\trunk\h5ts\ziph5\outlinescene\outlinescene\jsbin\modules\TpModuleList.js.map
F:\slefSvn\trunk\h5ts\ziph5\outlinescene\outlinescene\jsbin\TpGame.js
F:\slefSvn\trunk\h5ts\ziph5\outlinescene\outlinescene\jsbin\TpGame.js.map
