F:\jsbin\engine\base\BitMapData.js
F:\jsbin\engine\base\Camera3D.js
F:\jsbin\engine\base\ColorType.js
F:\jsbin\engine\base\Dictionary.js
F:\jsbin\engine\base\GC.js
F:\jsbin\engine\base\MeshData.js
F:\jsbin\engine\base\ObjData.js
F:\jsbin\engine\base\Object3D.js
F:\jsbin\engine\base\ResCount.js
F:\jsbin\engine\base\ResGC.js
F:\jsbin\engine\context\Context3D.js
F:\jsbin\engine\context\Scene_data.js
F:\jsbin\engine\display3D\BaseDiplay3dSprite.js
F:\jsbin\engine\display3D\Display2dMovie.js
F:\jsbin\engine\display3D\Display2DSprite.js
F:\jsbin\engine\display3D\Display3D.js
F:\jsbin\engine\display3D\Display3dBatchMovie.js
F:\jsbin\engine\display3D\Display3dBg.js
F:\jsbin\engine\display3D\Display3dMovie.js
F:\jsbin\engine\display3D\Display3dShadow.js
F:\jsbin\engine\display3D\Display3DSky.js
F:\jsbin\engine\display3D\Display3DSprite.js
F:\jsbin\engine\display3D\Display3DUISprite.js
F:\jsbin\engine\display3D\interfaces\IBind.js
F:\jsbin\engine\display3D\terrain\TerrainDisplay3DSprite.js
F:\jsbin\engine\Engine.js
F:\jsbin\engine\events\Event.js
F:\jsbin\engine\events\EventDispatcher.js
F:\jsbin\engine\FpsStage.js
F:\jsbin\engine\material\ConstItem.js
F:\jsbin\engine\material\DynamicBaseConstItem.js
F:\jsbin\engine\material\DynamicBaseTexItem.js
F:\jsbin\engine\material\DynamicConstItem.js
F:\jsbin\engine\material\DynamicTexItem.js
F:\jsbin\engine\material\Material.js
F:\jsbin\engine\material\MaterialBaseParam.js
F:\jsbin\engine\material\MaterialManager.js
F:\jsbin\engine\material\MaterialParam.js
F:\jsbin\engine\material\TexItem.js
F:\jsbin\engine\material\TextureCube.js
F:\jsbin\engine\material\TextureManager.js
F:\jsbin\engine\material\TextureRes.js
F:\jsbin\engine\math\ByteArray.js
F:\jsbin\engine\math\Calculation.js
F:\jsbin\engine\math\Circle.js
F:\jsbin\engine\math\Groundposition.js
F:\jsbin\engine\math\MathClass.js
F:\jsbin\engine\math\MathUtil.js
F:\jsbin\engine\math\Matrix3D.js
F:\jsbin\engine\math\Quaternion.js
F:\jsbin\engine\math\Rectangle.js
F:\jsbin\engine\math\TestTriangle.js
F:\jsbin\engine\math\Vector2D.js
F:\jsbin\engine\math\Vector3D.js
F:\jsbin\engine\net\NetManager.js
F:\jsbin\engine\net\obj\BinLogStru.js
F:\jsbin\engine\net\obj\GuidObject.js
F:\jsbin\engine\net\obj\GuidObjectTable.js
F:\jsbin\engine\net\obj\NetEventDispatcher.js
F:\jsbin\engine\net\obj\ObjectDef.js
F:\jsbin\engine\net\obj\StringIndexer.js
F:\jsbin\engine\net\obj\SyncEvent.js
F:\jsbin\engine\net\obj\SyncEventFilter.js
F:\jsbin\engine\net\obj\SyncEventRecorder.js
F:\jsbin\engine\net\obj\UpdateMask.js
F:\jsbin\engine\net\script\clientmsg.js
F:\jsbin\engine\net\script\clientstru.js
F:\jsbin\engine\net\script\OperationInfo.js
F:\jsbin\engine\net\script\OprateResult.js
F:\jsbin\engine\net\script\Protocols.js
F:\jsbin\engine\net\script\SharedDef.js
F:\jsbin\engine\particle\ball\Display3DBallPartilce.js
F:\jsbin\engine\particle\ball\Display3DBallShader.js
F:\jsbin\engine\particle\ball\ParticleBallData.js
F:\jsbin\engine\particle\ball\ParticleBallGpuData.js
F:\jsbin\engine\particle\bone\Display3DBonePartilce.js
F:\jsbin\engine\particle\bone\ParticleBoneData.js
F:\jsbin\engine\particle\CombineParticle.js
F:\jsbin\engine\particle\CombineParticleData.js
F:\jsbin\engine\particle\ctrl\AxisMove.js
F:\jsbin\engine\particle\ctrl\AxisRotaion.js
F:\jsbin\engine\particle\ctrl\BaseAnim.js
F:\jsbin\engine\particle\ctrl\KeyFrame.js
F:\jsbin\engine\particle\ctrl\ScaleAnim.js
F:\jsbin\engine\particle\ctrl\ScaleChange.js
F:\jsbin\engine\particle\ctrl\ScaleNoise.js
F:\jsbin\engine\particle\ctrl\SelfRotation.js
F:\jsbin\engine\particle\ctrl\TimeLine.js
F:\jsbin\engine\particle\ctrl\TimeLineData.js
F:\jsbin\engine\particle\Display3DParticle.js
F:\jsbin\engine\particle\facet\Display3DFacetParticle.js
F:\jsbin\engine\particle\facet\Display3DFacetShader.js
F:\jsbin\engine\particle\facet\ParticleFacetData.js
F:\jsbin\engine\particle\followlocus\Display3DFollowLocusPartilce.js
F:\jsbin\engine\particle\followlocus\Display3DFollowLocusShader.js
F:\jsbin\engine\particle\followlocus\ParticleFollowLocusData.js
F:\jsbin\engine\particle\follow\Display3DFollowPartilce.js
F:\jsbin\engine\particle\follow\Display3DFollowShader.js
F:\jsbin\engine\particle\follow\ParticleFollowData.js
F:\jsbin\engine\particle\locusball\Display3DLocusBallPartilce.js
F:\jsbin\engine\particle\locusball\ParticleLocusballData.js
F:\jsbin\engine\particle\locus\Display3DLocusPartilce.js
F:\jsbin\engine\particle\locus\Display3DLocusShader.js
F:\jsbin\engine\particle\locus\ParticleLocusData.js
F:\jsbin\engine\particle\model\Display3dModelAnimParticle.js
F:\jsbin\engine\particle\model\Display3DModelObjParticle.js
F:\jsbin\engine\particle\model\Display3DModelPartilce.js
F:\jsbin\engine\particle\model\ParticleModelData.js
F:\jsbin\engine\particle\ParticleData.js
F:\jsbin\engine\particle\ParticleGpuData.js
F:\jsbin\engine\particle\ParticleManager.js
F:\jsbin\engine\program\BuildShader.js
F:\jsbin\engine\program\Display3DShadowShader.js
F:\jsbin\engine\program\MaterialAnimShader.js
F:\jsbin\engine\program\MaterialBatchAnimShader.js
F:\jsbin\engine\program\MaterialShader.js
F:\jsbin\engine\program\Movie2DShader.js
F:\jsbin\engine\program\ProgramManager.js
F:\jsbin\engine\program\Shader3D.js
F:\jsbin\engine\program\SkyShader.js
F:\jsbin\engine\program\Sprite2DShader.js
F:\jsbin\engine\program\TerrainDisplay3DShader.js
F:\jsbin\engine\program\UIImageShager.js
F:\jsbin\engine\program\UIMaskShader.js
F:\jsbin\engine\program\UIShader.js
F:\jsbin\engine\scene\grldLevel\LineDisplayShader.js
F:\jsbin\engine\scene\grldLevel\LineDisplaySprite.js
F:\jsbin\engine\scene\SceneManager.js
F:\jsbin\engine\scene\SceneRes.js
F:\jsbin\engine\scene\SceneResLow.js
F:\jsbin\engine\scene\tree\QuadTreeNode.js
F:\jsbin\engine\scene\tree\SceneQuadTree.js
F:\jsbin\engine\scene\ViewFrustum.js
F:\jsbin\engine\skill\key\SkillEffect.js
F:\jsbin\engine\skill\key\SkillFixEffect.js
F:\jsbin\engine\skill\key\SkillKey.js
F:\jsbin\engine\skill\key\SkillMulTrajectory.js
F:\jsbin\engine\skill\key\SkillTrajectory.js
F:\jsbin\engine\skill\path\PathManager.js
F:\jsbin\engine\skill\path\SkillMulPath.js
F:\jsbin\engine\skill\path\SkillPath.js
F:\jsbin\engine\skill\path\SkillSinPath.js
F:\jsbin\engine\skill\Skill.js
F:\jsbin\engine\skill\SkillData.js
F:\jsbin\engine\skill\SkillManager.js
F:\jsbin\engine\skill\vo\SkillKeyVo.js
F:\jsbin\engine\skill\vo\SkillVo.js
F:\jsbin\engine\ui\base\InteractiveEvent.js
F:\jsbin\engine\ui\base\TextAlign.js
F:\jsbin\engine\ui\base\UIAtlas.js
F:\jsbin\engine\ui\base\UIBackImg.js
F:\jsbin\engine\ui\base\UICompenent.js
F:\jsbin\engine\ui\base\UIContainer.js
F:\jsbin\engine\ui\base\UIData.js
F:\jsbin\engine\ui\base\UIGridRectangle.js
F:\jsbin\engine\ui\base\UIListRenderComponent.js
F:\jsbin\engine\ui\base\UIMask.js
F:\jsbin\engine\ui\base\UIRectangle.js
F:\jsbin\engine\ui\base\UIRenderComponent.js
F:\jsbin\engine\ui\base\UIVirtualContainer.js
F:\jsbin\engine\ui\compenent\AlphaUiContianer.js
F:\jsbin\engine\ui\compenent\BaseButton.js
F:\jsbin\engine\ui\compenent\Button.js
F:\jsbin\engine\ui\compenent\CdUICompenent.js
F:\jsbin\engine\ui\compenent\Dis2DUIContianerPanel.js
F:\jsbin\engine\ui\compenent\FrameCompenent.js
F:\jsbin\engine\ui\compenent\Grid9Compenent.js
F:\jsbin\engine\ui\compenent\GridList.js
F:\jsbin\engine\ui\compenent\List.js
F:\jsbin\engine\ui\compenent\RoationUiContianer.js
F:\jsbin\engine\ui\compenent\SelectButton.js
F:\jsbin\engine\ui\compenent\SList.js
F:\jsbin\engine\ui\IconManager.js
F:\jsbin\engine\ui\PuiData.js
F:\jsbin\engine\ui\UILoading.js
F:\jsbin\engine\ui\UIManager.js
F:\jsbin\engine\ui\UIStage.js
F:\jsbin\engine\utils\AnimManager.js
F:\jsbin\engine\utils\ArtFont.js
F:\jsbin\engine\utils\AstarUtil.js
F:\jsbin\engine\utils\BloodManager.js
F:\jsbin\engine\utils\ColorTransition.js
F:\jsbin\engine\utils\curves\Curve.js
F:\jsbin\engine\utils\GroupDataManager.js
F:\jsbin\engine\utils\KeyboardType.js
F:\jsbin\engine\utils\KeyControl.js
F:\jsbin\engine\utils\LabelTextFont.js
F:\jsbin\engine\utils\LightProbeManager.js
F:\jsbin\engine\utils\LoadManager.js
F:\jsbin\engine\utils\MeshDataManager.js
F:\jsbin\engine\utils\ObjDataManager.js
F:\jsbin\engine\utils\res\BaseRes.js
F:\jsbin\engine\utils\res\GroupRes.js
F:\jsbin\engine\utils\res\ModelRes.js
F:\jsbin\engine\utils\res\ResManager.js
F:\jsbin\engine\utils\res\RoleRes.js
F:\jsbin\engine\utils\res\RoleResLow.js
F:\jsbin\engine\utils\res\SkillRes.js
F:\jsbin\engine\utils\shadow\Shadow.js
F:\jsbin\engine\utils\shadow\ShadowManager.js
F:\jsbin\engine\utils\TimeUtil.js
F:\jsbin\engine\utils\Util.js
F:\jsbin\engine\vo\collistion\CapsuleVo.js
F:\jsbin\engine\vo\collistion\CollisionVo.js
F:\jsbin\engine\vo\LightVo.js
F:\jsbin\engine\vo\skinanim\AnimData.js
F:\jsbin\engine\vo\skinanim\BoneSocketData.js
F:\jsbin\engine\vo\skinanim\SkinMesh.js
F:\jsbin\engine\vo\TestCplus.js
F:\jsbin\libs\cannon\Physics.js
F:\jsbin\mmogame\common\base\BaseProcessor.js
F:\jsbin\mmogame\common\base\CharAction.js
F:\jsbin\mmogame\common\base\SceneBaseChar.js
F:\jsbin\mmogame\common\base\SceneModSprite.js
F:\jsbin\mmogame\common\base\ScenePerfab.js
F:\jsbin\mmogame\common\base\UIPanel.js
F:\jsbin\mmogame\common\GameData.js
F:\jsbin\mmogame\common\GameUtils.js
F:\jsbin\mmogame\data\GameInstance.js
F:\jsbin\mmogame\data\MountChar.js
F:\jsbin\mmogame\data\SceneChar.js
F:\jsbin\mmogame\data\TableData.js
F:\jsbin\mvcframe\Module.js
F:\jsbin\mvcframe\ModuleEventManager.js
F:\jsbin\mvcframe\Processor.js
F:\jsbin\mmogame\data\KeyMouseManeger.js
F:\jsbin\tp\modules\mouse\GameMouseManager.js
F:\jsbin\tp\modules\mouse\SceneMouseEventModel.js
F:\jsbin\tp\modules\PointListSpriter.js
F:\jsbin\tp\PointShowModel.js
