F:\slefSvn\trunk\h5ts\ziph5\cartoonmd5\cartoonmd5\jsbin\modules\hatching\OutTextureSprite.js
F:\slefSvn\trunk\h5ts\ziph5\cartoonmd5\cartoonmd5\jsbin\modules\hatching\OutTextureSprite.js.map
F:\slefSvn\trunk\h5ts\ziph5\cartoonmd5\cartoonmd5\jsbin\modules\mouse\CartoonMouseManager.js
F:\slefSvn\trunk\h5ts\ziph5\cartoonmd5\cartoonmd5\jsbin\modules\mouse\CartoonMouseManager.js.map
F:\slefSvn\trunk\h5ts\ziph5\cartoonmd5\cartoonmd5\jsbin\modules\mouse\CartoonMouseEventModel.js
F:\slefSvn\trunk\h5ts\ziph5\cartoonmd5\cartoonmd5\jsbin\modules\mouse\CartoonMouseEventModel.js.map
F:\slefSvn\trunk\h5ts\ziph5\cartoonmd5\cartoonmd5\jsbin\modules\scene\CartoonPerfab.js
F:\slefSvn\trunk\h5ts\ziph5\cartoonmd5\cartoonmd5\jsbin\modules\scene\CartoonPerfab.js.map
F:\slefSvn\trunk\h5ts\ziph5\cartoonmd5\cartoonmd5\jsbin\modules\scene\OurLineRoundShader.js
F:\slefSvn\trunk\h5ts\ziph5\cartoonmd5\cartoonmd5\jsbin\modules\scene\OurLineRoundShader.js.map
F:\slefSvn\trunk\h5ts\ziph5\cartoonmd5\cartoonmd5\jsbin\modules\scene\OutCortoonShader.js
F:\slefSvn\trunk\h5ts\ziph5\cartoonmd5\cartoonmd5\jsbin\modules\scene\OutCortoonShader.js.map
F:\slefSvn\trunk\h5ts\ziph5\cartoonmd5\cartoonmd5\jsbin\modules\scene\CartoonChar.js
F:\slefSvn\trunk\h5ts\ziph5\cartoonmd5\cartoonmd5\jsbin\modules\scene\CartoonChar.js.map
F:\slefSvn\trunk\h5ts\ziph5\cartoonmd5\cartoonmd5\jsbin\modules\scene\TpSceneProcessor.js
F:\slefSvn\trunk\h5ts\ziph5\cartoonmd5\cartoonmd5\jsbin\modules\scene\TpSceneProcessor.js.map
F:\slefSvn\trunk\h5ts\ziph5\cartoonmd5\cartoonmd5\jsbin\modules\TpModuleList.js
F:\slefSvn\trunk\h5ts\ziph5\cartoonmd5\cartoonmd5\jsbin\modules\TpModuleList.js.map
F:\slefSvn\trunk\h5ts\ziph5\cartoonmd5\cartoonmd5\jsbin\TpGame.js
F:\slefSvn\trunk\h5ts\ziph5\cartoonmd5\cartoonmd5\jsbin\TpGame.js.map
