F:\slefSvn\trunk\h5ts\ziph5\outloadscene\outloadscene\jsbin\modules\mouse\LineOutMouseManager.js
F:\slefSvn\trunk\h5ts\ziph5\outloadscene\outloadscene\jsbin\modules\mouse\LineOutMouseManager.js.map
F:\slefSvn\trunk\h5ts\ziph5\outloadscene\outloadscene\jsbin\modules\mouse\LineOutMouseEventModel.js
F:\slefSvn\trunk\h5ts\ziph5\outloadscene\outloadscene\jsbin\modules\mouse\LineOutMouseEventModel.js.map
F:\slefSvn\trunk\h5ts\ziph5\outloadscene\outloadscene\jsbin\modules\hatching\ExpBakedModel.js
F:\slefSvn\trunk\h5ts\ziph5\outloadscene\outloadscene\jsbin\modules\hatching\ExpBakedModel.js.map
F:\slefSvn\trunk\h5ts\ziph5\outloadscene\outloadscene\jsbin\modules\hatching\ExpNrmAndDephtModel.js
F:\slefSvn\trunk\h5ts\ziph5\outloadscene\outloadscene\jsbin\modules\hatching\ExpNrmAndDephtModel.js.map
F:\slefSvn\trunk\h5ts\ziph5\outloadscene\outloadscene\jsbin\modules\hatching\OutDephtTextureModel.js
F:\slefSvn\trunk\h5ts\ziph5\outloadscene\outloadscene\jsbin\modules\hatching\OutDephtTextureModel.js.map
F:\slefSvn\trunk\h5ts\ziph5\outloadscene\outloadscene\jsbin\modules\hatching\OutLineSprite.js
F:\slefSvn\trunk\h5ts\ziph5\outloadscene\outloadscene\jsbin\modules\hatching\OutLineSprite.js.map
F:\slefSvn\trunk\h5ts\ziph5\outloadscene\outloadscene\jsbin\modules\hatching\OutNrmTextureModel.js
F:\slefSvn\trunk\h5ts\ziph5\outloadscene\outloadscene\jsbin\modules\hatching\OutNrmTextureModel.js.map
F:\slefSvn\trunk\h5ts\ziph5\outloadscene\outloadscene\jsbin\modules\hatching\OutTextureSprite.js
F:\slefSvn\trunk\h5ts\ziph5\outloadscene\outloadscene\jsbin\modules\hatching\OutTextureSprite.js.map
F:\slefSvn\trunk\h5ts\ziph5\outloadscene\outloadscene\jsbin\modules\scene\TpSceneProcessor.js
F:\slefSvn\trunk\h5ts\ziph5\outloadscene\outloadscene\jsbin\modules\scene\TpSceneProcessor.js.map
F:\slefSvn\trunk\h5ts\ziph5\outloadscene\outloadscene\jsbin\modules\TpModuleList.js
F:\slefSvn\trunk\h5ts\ziph5\outloadscene\outloadscene\jsbin\modules\TpModuleList.js.map
F:\slefSvn\trunk\h5ts\ziph5\outloadscene\outloadscene\jsbin\TpGame.js
F:\slefSvn\trunk\h5ts\ziph5\outloadscene\outloadscene\jsbin\TpGame.js.map
