F:\slefSvn\trunk\h5show\marmoset\plantjzshow\plantjzshow\jsbin\dis\DustNormalSprite.js
F:\slefSvn\trunk\h5show\marmoset\plantjzshow\plantjzshow\jsbin\dis\DustNormalSprite.js.map
F:\slefSvn\trunk\h5show\marmoset\plantjzshow\plantjzshow\jsbin\dis\GlassModelSprite.js
F:\slefSvn\trunk\h5show\marmoset\plantjzshow\plantjzshow\jsbin\dis\GlassModelSprite.js.map
F:\slefSvn\trunk\h5show\marmoset\plantjzshow\plantjzshow\jsbin\dis\GlossModelSprite.js
F:\slefSvn\trunk\h5show\marmoset\plantjzshow\plantjzshow\jsbin\dis\GlossModelSprite.js.map
F:\slefSvn\trunk\h5show\marmoset\plantjzshow\plantjzshow\jsbin\dis\NormalMapSprite.js
F:\slefSvn\trunk\h5show\marmoset\plantjzshow\plantjzshow\jsbin\dis\NormalMapSprite.js.map
F:\slefSvn\trunk\h5show\marmoset\plantjzshow\plantjzshow\jsbin\dis\NormalsSpriteList.js
F:\slefSvn\trunk\h5show\marmoset\plantjzshow\plantjzshow\jsbin\dis\NormalsSpriteList.js.map
F:\slefSvn\trunk\h5show\marmoset\plantjzshow\plantjzshow\jsbin\dis\ReflectiveModelSprite.js
F:\slefSvn\trunk\h5show\marmoset\plantjzshow\plantjzshow\jsbin\dis\ReflectiveModelSprite.js.map
F:\slefSvn\trunk\h5show\marmoset\plantjzshow\plantjzshow\jsbin\dis\RgbAndAlphaModel.js
F:\slefSvn\trunk\h5show\marmoset\plantjzshow\plantjzshow\jsbin\dis\RgbAndAlphaModel.js.map
F:\slefSvn\trunk\h5show\marmoset\plantjzshow\plantjzshow\jsbin\dis\SceneRenderToTextrue.js
F:\slefSvn\trunk\h5show\marmoset\plantjzshow\plantjzshow\jsbin\dis\SceneRenderToTextrue.js.map
F:\slefSvn\trunk\h5show\marmoset\plantjzshow\plantjzshow\jsbin\group\BloomRenderModel.js
F:\slefSvn\trunk\h5show\marmoset\plantjzshow\plantjzshow\jsbin\group\BloomRenderModel.js.map
F:\slefSvn\trunk\h5show\marmoset\plantjzshow\plantjzshow\jsbin\group\OutNrmTextureModel.js
F:\slefSvn\trunk\h5show\marmoset\plantjzshow\plantjzshow\jsbin\group\OutNrmTextureModel.js.map
F:\slefSvn\trunk\h5show\marmoset\plantjzshow\plantjzshow\jsbin\group\OutTextureSprite.js
F:\slefSvn\trunk\h5show\marmoset\plantjzshow\plantjzshow\jsbin\group\OutTextureSprite.js.map
F:\slefSvn\trunk\h5show\marmoset\plantjzshow\plantjzshow\jsbin\group\ProdkarenModelSprite.js
F:\slefSvn\trunk\h5show\marmoset\plantjzshow\plantjzshow\jsbin\group\ProdkarenModelSprite.js.map
F:\slefSvn\trunk\h5show\marmoset\plantjzshow\plantjzshow\jsbin\group\ReflectiveGlassSprite.js
F:\slefSvn\trunk\h5show\marmoset\plantjzshow\plantjzshow\jsbin\group\ReflectiveGlassSprite.js.map
F:\slefSvn\trunk\h5show\marmoset\plantjzshow\plantjzshow\jsbin\LightSpriteList.js
F:\slefSvn\trunk\h5show\marmoset\plantjzshow\plantjzshow\jsbin\LightSpriteList.js.map
F:\slefSvn\trunk\h5show\marmoset\plantjzshow\plantjzshow\jsbin\ProdkarenResModel.js
F:\slefSvn\trunk\h5show\marmoset\plantjzshow\plantjzshow\jsbin\ProdkarenResModel.js.map
F:\slefSvn\trunk\h5show\marmoset\plantjzshow\plantjzshow\jsbin\SampleSprite3D.js
F:\slefSvn\trunk\h5show\marmoset\plantjzshow\plantjzshow\jsbin\SampleSprite3D.js.map
F:\slefSvn\trunk\h5show\marmoset\plantjzshow\plantjzshow\jsbin\SkillMouseEventModel.js
F:\slefSvn\trunk\h5show\marmoset\plantjzshow\plantjzshow\jsbin\SkillMouseEventModel.js.map
F:\slefSvn\trunk\h5show\marmoset\plantjzshow\plantjzshow\jsbin\SkillMouseManager.js
F:\slefSvn\trunk\h5show\marmoset\plantjzshow\plantjzshow\jsbin\SkillMouseManager.js.map
F:\slefSvn\trunk\h5show\marmoset\plantjzshow\plantjzshow\jsbin\TestDispStart.js
F:\slefSvn\trunk\h5show\marmoset\plantjzshow\plantjzshow\jsbin\TestDispStart.js.map
